<?xml version="1.0" encoding="UTF-8"?>
<coverage generated="1650721914518" clover="3.2.0">
  <project timestamp="1650721914518" name="All files">
    <metrics statements="32" coveredstatements="32" conditionals="9" coveredconditionals="9" methods="15" coveredmethods="15" elements="56" coveredelements="56" complexity="0" loc="32" ncloc="32" packages="3" files="6" classes="6"/>
    <package name="components">
      <metrics statements="24" coveredstatements="24" conditionals="9" coveredconditionals="9" methods="10" coveredmethods="10"/>
      <file name="Name.js" path="/Users/shiprajoshi/test/next-apollo-demo/client/components/Name.js">
        <metrics statements="4" coveredstatements="4" conditionals="2" coveredconditionals="2" methods="1" coveredmethods="1"/>
        <line num="4" count="2" type="stmt"/>
        <line num="5" count="3" type="stmt"/>
        <line num="7" count="3" type="stmt"/>
        <line num="13" count="2" type="stmt"/>
      </file>
      <file name="User.js" path="/Users/shiprajoshi/test/next-apollo-demo/client/components/User.js">
        <metrics statements="20" coveredstatements="20" conditionals="7" coveredconditionals="7" methods="9" coveredmethods="9"/>
        <line num="7" count="2" type="stmt"/>
        <line num="13" count="2" type="stmt"/>
        <line num="17" count="6" type="stmt"/>
        <line num="19" count="2" type="stmt"/>
        <line num="26" count="2" type="cond" truecount="1" falsecount="0"/>
        <line num="27" count="10" type="stmt"/>
        <line num="29" count="10" type="stmt"/>
        <line num="30" count="10" type="stmt"/>
        <line num="32" count="10" type="stmt"/>
        <line num="33" count="5" type="stmt"/>
        <line num="34" count="5" type="stmt"/>
        <line num="35" count="5" type="cond" truecount="2" falsecount="0"/>
        <line num="36" count="5" type="stmt"/>
        <line num="40" count="5" type="stmt"/>
        <line num="44" count="10" type="stmt"/>
        <line num="45" count="1" type="stmt"/>
        <line num="48" count="10" type="stmt"/>
        <line num="54" count="6" type="stmt"/>
        <line num="68" count="2" type="stmt"/>
        <line num="81" count="12" type="stmt"/>
      </file>
    </package>
    <package name="lib">
      <metrics statements="1" coveredstatements="1" conditionals="0" coveredconditionals="0" methods="0" coveredmethods="0"/>
      <file name="with-apollo.js" path="/Users/shiprajoshi/test/next-apollo-demo/client/lib/with-apollo.js">
        <metrics statements="1" coveredstatements="1" conditionals="0" coveredconditionals="0" methods="0" coveredmethods="0"/>
        <line num="14" count="2" type="stmt"/>
      </file>
    </package>
    <package name="pages">
      <metrics statements="7" coveredstatements="7" conditionals="0" coveredconditionals="0" methods="5" coveredmethods="5"/>
      <file name="about.js" path="/Users/shiprajoshi/test/next-apollo-demo/client/pages/about.js">
        <metrics statements="1" coveredstatements="1" conditionals="0" coveredconditionals="0" methods="1" coveredmethods="1"/>
        <line num="4" count="1" type="stmt"/>
      </file>
      <file name="index.js" path="/Users/shiprajoshi/test/next-apollo-demo/client/pages/index.js">
        <metrics statements="2" coveredstatements="2" conditionals="0" coveredconditionals="0" methods="1" coveredmethods="1"/>
        <line num="6" count="1" type="stmt"/>
        <line num="7" count="1" type="stmt"/>
      </file>
      <file name="users.js" path="/Users/shiprajoshi/test/next-apollo-demo/client/pages/users.js">
        <metrics statements="4" coveredstatements="4" conditionals="0" coveredconditionals="0" methods="3" coveredmethods="3"/>
        <line num="7" count="1" type="stmt"/>
        <line num="8" count="1" type="stmt"/>
        <line num="11" count="1" type="stmt"/>
        <line num="12" count="2" type="stmt"/>
      </file>
    </package>
  </project>
</coverage>
