{"/Users/shiprajoshi/test/next-apollo-demo/client/components/Name.js": {"path":"/Users/shiprajoshi/test/next-apollo-demo/client/components/Name.js","statementMap":{"0":{"start":{"line":4,"column":18},"end":{"line":11,"column":2}},"1":{"start":{"line":5,"column":26},"end":{"line":5,"column":44}},"2":{"start":{"line":7,"column":2},"end":{"line":11,"column":1}},"3":{"start":{"line":13,"column":24},"end":{"line":17,"column":1}}},"fnMap":{"0":{"name":"(anonymous_0)","decl":{"start":{"line":4,"column":18},"end":{"line":4,"column":19}},"loc":{"start":{"line":4,"column":23},"end":{"line":11,"column":2}},"line":4}},"branchMap":{"0":{"loc":{"start":{"line":9,"column":5},"end":{"line":9,"column":30}},"type":"cond-expr","locations":[{"start":{"line":9,"column":14},"end":{"line":9,"column":18}},{"start":{"line":9,"column":21},"end":{"line":9,"column":30}}],"line":9}},"s":{"0":2,"1":3,"2":3,"3":2},"f":{"0":3},"b":{"0":[2,1]},"_coverageSchema":"1a1c01bbd47fc00a2c39e90264f33305004495a9","hash":"9ea600095e76e1d185e6c3b9fb90769772e1aa28"}
,"/Users/shiprajoshi/test/next-apollo-demo/client/components/User.js": {"path":"/Users/shiprajoshi/test/next-apollo-demo/client/components/User.js","statementMap":{"0":{"start":{"line":7,"column":18},"end":{"line":11,"column":1}},"1":{"start":{"line":13,"column":18},"end":{"line":17,"column":46}},"2":{"start":{"line":17,"column":39},"end":{"line":17,"column":44}},"3":{"start":{"line":19,"column":15},"end":{"line":23,"column":1}},"4":{"start":{"line":26,"column":23},"end":{"line":66,"column":2}},"5":{"start":{"line":27,"column":35},"end":{"line":27,"column":50}},"6":{"start":{"line":29,"column":38},"end":{"line":29,"column":50}},"7":{"start":{"line":30,"column":46},"end":{"line":30,"column":57}},"8":{"start":{"line":32,"column":4},"end":{"line":42,"column":28}},"9":{"start":{"line":33,"column":8},"end":{"line":41,"column":10}},"10":{"start":{"line":34,"column":29},"end":{"line":34,"column":31}},"11":{"start":{"line":35,"column":29},"end":{"line":35,"column":99}},"12":{"start":{"line":36,"column":12},"end":{"line":39,"column":17}},"13":{"start":{"line":36,"column":57},"end":{"line":39,"column":13}},"14":{"start":{"line":40,"column":12},"end":{"line":40,"column":28}},"15":{"start":{"line":44,"column":22},"end":{"line":46,"column":5}},"16":{"start":{"line":45,"column":8},"end":{"line":45,"column":55}},"17":{"start":{"line":45,"column":34},"end":{"line":45,"column":54}},"18":{"start":{"line":48,"column":4},"end":{"line":66,"column":1}},"19":{"start":{"line":54,"column":8},"end":{"line":61,"column":23}},"20":{"start":{"line":68,"column":21},"end":{"line":78,"column":1}},"21":{"start":{"line":81,"column":2},"end":{"line":81,"column":43}}},"fnMap":{"0":{"name":"(anonymous_0)","decl":{"start":{"line":17,"column":26},"end":{"line":17,"column":27}},"loc":{"start":{"line":17,"column":39},"end":{"line":17,"column":44}},"line":17},"1":{"name":"(anonymous_1)","decl":{"start":{"line":26,"column":23},"end":{"line":26,"column":24}},"loc":{"start":{"line":26,"column":51},"end":{"line":66,"column":2}},"line":26},"2":{"name":"(anonymous_2)","decl":{"start":{"line":32,"column":14},"end":{"line":32,"column":15}},"loc":{"start":{"line":32,"column":18},"end":{"line":42,"column":5}},"line":32},"3":{"name":"(anonymous_3)","decl":{"start":{"line":33,"column":21},"end":{"line":33,"column":22}},"loc":{"start":{"line":33,"column":29},"end":{"line":41,"column":9}},"line":33},"4":{"name":"(anonymous_4)","decl":{"start":{"line":36,"column":51},"end":{"line":36,"column":52}},"loc":{"start":{"line":36,"column":57},"end":{"line":39,"column":13}},"line":36},"5":{"name":"(anonymous_5)","decl":{"start":{"line":44,"column":22},"end":{"line":44,"column":23}},"loc":{"start":{"line":44,"column":26},"end":{"line":46,"column":5}},"line":44},"6":{"name":"(anonymous_6)","decl":{"start":{"line":45,"column":25},"end":{"line":45,"column":26}},"loc":{"start":{"line":45,"column":34},"end":{"line":45,"column":54}},"line":45},"7":{"name":"(anonymous_7)","decl":{"start":{"line":53,"column":22},"end":{"line":53,"column":23}},"loc":{"start":{"line":54,"column":8},"end":{"line":61,"column":23}},"line":54},"8":{"name":"getRandom","decl":{"start":{"line":80,"column":9},"end":{"line":80,"column":18}},"loc":{"start":{"line":80,"column":39},"end":{"line":82,"column":1}},"line":80}},"branchMap":{"0":{"loc":{"start":{"line":26,"column":26},"end":{"line":26,"column":44}},"type":"default-arg","locations":[{"start":{"line":26,"column":42},"end":{"line":26,"column":44}}],"line":26},"1":{"loc":{"start":{"line":35,"column":29},"end":{"line":35,"column":99}},"type":"binary-expr","locations":[{"start":{"line":35,"column":29},"end":{"line":35,"column":93}},{"start":{"line":35,"column":97},"end":{"line":35,"column":99}}],"line":35},"2":{"loc":{"start":{"line":51,"column":8},"end":{"line":61,"column":24}},"type":"cond-expr","locations":[{"start":{"line":52,"column":7},"end":{"line":52,"column":11}},{"start":{"line":53,"column":7},"end":{"line":61,"column":24}}],"line":51},"3":{"loc":{"start":{"line":80,"column":19},"end":{"line":80,"column":26}},"type":"default-arg","locations":[{"start":{"line":80,"column":25},"end":{"line":80,"column":26}}],"line":80},"4":{"loc":{"start":{"line":80,"column":28},"end":{"line":80,"column":37}},"type":"default-arg","locations":[{"start":{"line":80,"column":34},"end":{"line":80,"column":37}}],"line":80}},"s":{"0":2,"1":2,"2":6,"3":2,"4":2,"5":10,"6":10,"7":10,"8":10,"9":5,"10":5,"11":5,"12":5,"13":4,"14":5,"15":10,"16":1,"17":1,"18":10,"19":6,"20":2,"21":12},"f":{"0":6,"1":10,"2":5,"3":5,"4":4,"5":1,"6":1,"7":6,"8":12},"b":{"0":[4],"1":[5,2],"2":[4,6],"3":[12],"4":[12]},"_coverageSchema":"1a1c01bbd47fc00a2c39e90264f33305004495a9","hash":"8180d3813ccdae0e14f993955ba7508e3d14104d"}
,"/Users/shiprajoshi/test/next-apollo-demo/client/lib/with-apollo.js": {"path":"/Users/shiprajoshi/test/next-apollo-demo/client/lib/with-apollo.js","statementMap":{"0":{"start":{"line":14,"column":28},"end":{"line":20,"column":2}}},"fnMap":{},"branchMap":{},"s":{"0":2},"f":{},"b":{},"_coverageSchema":"1a1c01bbd47fc00a2c39e90264f33305004495a9","hash":"8a7d35db5e19ee003731c0107091cbbd581480b3"}
,"/Users/shiprajoshi/test/next-apollo-demo/client/pages/about.js": {"path":"/Users/shiprajoshi/test/next-apollo-demo/client/pages/about.js","statementMap":{"0":{"start":{"line":4,"column":2},"end":{"line":8,"column":8}}},"fnMap":{"0":{"name":"(anonymous_0)","decl":{"start":{"line":3,"column":15},"end":{"line":3,"column":16}},"loc":{"start":{"line":4,"column":2},"end":{"line":8,"column":8}},"line":4}},"branchMap":{},"s":{"0":1},"f":{"0":1},"b":{},"_coverageSchema":"1a1c01bbd47fc00a2c39e90264f33305004495a9","hash":"cf9d0549e497342333e93de8f7f0d9e57e4cc561"}
,"/Users/shiprajoshi/test/next-apollo-demo/client/pages/index.js": {"path":"/Users/shiprajoshi/test/next-apollo-demo/client/pages/index.js","statementMap":{"0":{"start":{"line":6,"column":13},"end":{"line":18,"column":1}},"1":{"start":{"line":7,"column":2},"end":{"line":17,"column":19}}},"fnMap":{"0":{"name":"(anonymous_0)","decl":{"start":{"line":6,"column":13},"end":{"line":6,"column":14}},"loc":{"start":{"line":7,"column":2},"end":{"line":17,"column":19}},"line":7}},"branchMap":{},"s":{"0":1,"1":1},"f":{"0":1},"b":{},"_coverageSchema":"1a1c01bbd47fc00a2c39e90264f33305004495a9","hash":"7af3ba21e15534d83d9e0a15731e482a22d0bcd8"}
,"/Users/shiprajoshi/test/next-apollo-demo/client/pages/users.js": {"path":"/Users/shiprajoshi/test/next-apollo-demo/client/pages/users.js","statementMap":{"0":{"start":{"line":7,"column":23},"end":{"line":9,"column":2}},"1":{"start":{"line":7,"column":35},"end":{"line":7,"column":63}},"2":{"start":{"line":8,"column":18},"end":{"line":8,"column":35}},"3":{"start":{"line":11,"column":11},"end":{"line":21,"column":1}},"4":{"start":{"line":12,"column":0},"end":{"line":20,"column":17}}},"fnMap":{"0":{"name":"(anonymous_0)","decl":{"start":{"line":7,"column":31},"end":{"line":7,"column":32}},"loc":{"start":{"line":7,"column":35},"end":{"line":7,"column":63}},"line":7},"1":{"name":"(anonymous_1)","decl":{"start":{"line":8,"column":12},"end":{"line":8,"column":13}},"loc":{"start":{"line":8,"column":18},"end":{"line":8,"column":35}},"line":8},"2":{"name":"(anonymous_2)","decl":{"start":{"line":11,"column":11},"end":{"line":11,"column":12}},"loc":{"start":{"line":12,"column":0},"end":{"line":20,"column":17}},"line":12}},"branchMap":{},"s":{"0":1,"1":1,"2":1,"3":1,"4":2},"f":{"0":1,"1":1,"2":2},"b":{},"_coverageSchema":"1a1c01bbd47fc00a2c39e90264f33305004495a9","hash":"d9c98dc6c4efdee5715a645283cb63b25413667d"}
}
