TN:
SF:components/Name.js
FN:4,(anonymous_0)
FNF:1
FNH:1
FNDA:3,(anonymous_0)
DA:4,2
DA:5,3
DA:7,3
DA:13,2
LF:4
LH:4
BRDA:9,0,0,2
BRDA:9,0,1,1
BRF:2
BRH:2
end_of_record
TN:
SF:components/User.js
FN:17,(anonymous_0)
FN:26,(anonymous_1)
FN:32,(anonymous_2)
FN:33,(anonymous_3)
FN:36,(anonymous_4)
FN:44,(anonymous_5)
FN:45,(anonymous_6)
FN:53,(anonymous_7)
FN:80,getRandom
FNF:9
FNH:9
FNDA:6,(anonymous_0)
FNDA:10,(anonymous_1)
FNDA:5,(anonymous_2)
FNDA:5,(anonymous_3)
FNDA:4,(anonymous_4)
FNDA:1,(anonymous_5)
FNDA:1,(anonymous_6)
FNDA:6,(anonymous_7)
FNDA:12,getRandom
DA:7,2
DA:13,2
DA:17,6
DA:19,2
DA:26,2
DA:27,10
DA:29,10
DA:30,10
DA:32,10
DA:33,5
DA:34,5
DA:35,5
DA:36,5
DA:40,5
DA:44,10
DA:45,1
DA:48,10
DA:54,6
DA:68,2
DA:81,12
LF:20
LH:20
BRDA:26,0,0,4
BRDA:35,1,0,5
BRDA:35,1,1,2
BRDA:51,2,0,4
BRDA:51,2,1,6
BRDA:80,3,0,12
BRDA:80,4,0,12
BRF:7
BRH:7
end_of_record
TN:
SF:lib/with-apollo.js
FNF:0
FNH:0
DA:14,2
LF:1
LH:1
BRF:0
BRH:0
end_of_record
TN:
SF:pages/about.js
FN:3,(anonymous_0)
FNF:1
FNH:1
FNDA:1,(anonymous_0)
DA:4,1
LF:1
LH:1
BRF:0
BRH:0
end_of_record
TN:
SF:pages/index.js
FN:6,(anonymous_0)
FNF:1
FNH:1
FNDA:1,(anonymous_0)
DA:6,1
DA:7,1
LF:2
LH:2
BRF:0
BRH:0
end_of_record
TN:
SF:pages/users.js
FN:7,(anonymous_0)
FN:8,(anonymous_1)
FN:11,(anonymous_2)
FNF:3
FNH:3
FNDA:1,(anonymous_0)
FNDA:1,(anonymous_1)
FNDA:2,(anonymous_2)
DA:7,1
DA:8,1
DA:11,1
DA:12,2
LF:4
LH:4
BRF:0
BRH:0
end_of_record
